<?xml version="1.0" encoding="UTF-8"?>
<robot generator="Robot 7.0.1 (Python 3.12.2 on win32)" generated="2024-09-24T21:02:07.282124" rpa="false" schemaversion="5">
<suite id="s1" name="Tc01" source="C:\Users\User\Desktop\Test_Stucture\testcases\tc01.robot">
<test id="s1-t1" name="Test Register" line="4">
<kw name="Open website" owner="common">
<kw name="Open Browser" owner="SeleniumLibrary">
<msg time="2024-09-24T21:02:07.948445" level="INFO">Opening browser 'firefox' to base url 'https://training-platform.doppio-tech.com/'.</msg>
<arg>${${type}.url}</arg>
<doc>Opens a new browser instance to the optional ``url``.</doc>
<status status="PASS" start="2024-09-24T21:02:07.946738" elapsed="9.351750"/>
</kw>
<status status="PASS" start="2024-09-24T21:02:07.945137" elapsed="9.353351"/>
</kw>
<kw name="Click user icon" owner="common">
<kw name="Click Element" owner="SeleniumLibrary">
<msg time="2024-09-24T21:02:17.300488" level="INFO">Clicking element 'xpath=//span[@class='anticon anticon-user icon-size']'.</msg>
<arg>${common_locator.user_icon}</arg>
<doc>Click the element identified by ``locator``.</doc>
<status status="PASS" start="2024-09-24T21:02:17.299488" elapsed="0.389398"/>
</kw>
<status status="PASS" start="2024-09-24T21:02:17.299488" elapsed="0.389398"/>
</kw>
<kw name="Click sign up button" owner="log_in_page">
<kw name="Click Element" owner="SeleniumLibrary">
<msg time="2024-09-24T21:02:17.690886" level="INFO">Clicking element 'xpath=//div[@id='app']//button/span[text()='Sign up']'.</msg>
<arg>${login_locator.sign_up_btn}</arg>
<doc>Click the element identified by ``locator``.</doc>
<status status="PASS" start="2024-09-24T21:02:17.689885" elapsed="0.304835"/>
</kw>
<status status="PASS" start="2024-09-24T21:02:17.689885" elapsed="0.304835"/>
</kw>
<kw name="Fill in registration and submit" owner="register_feature">
<kw name="Input register email" owner="register_page">
<kw name="Input Text" owner="SeleniumLibrary">
<msg time="2024-09-24T21:02:17.999720" level="INFO">Typing text 'pakorn98@gmail.com' into text field 'xpath=//input[@id='basic_username']'.</msg>
<arg>${register_locator.username_container}</arg>
<arg>${email}</arg>
<doc>Types the given ``text`` into the text field identified by ``locator``.</doc>
<status status="PASS" start="2024-09-24T21:02:17.999720" elapsed="0.102008"/>
</kw>
<arg>${user01.email}</arg>
<status status="PASS" start="2024-09-24T21:02:17.998721" elapsed="0.103007"/>
</kw>
<kw name="Input register password" owner="register_page">
<kw name="Input Text" owner="SeleniumLibrary">
<msg time="2024-09-24T21:02:18.102728" level="INFO">Typing text 'Nack@2108' into text field 'xpath=//input[@id='basic_password']'.</msg>
<arg>${register_locator.password_container}</arg>
<arg>${password}</arg>
<doc>Types the given ``text`` into the text field identified by ``locator``.</doc>
<status status="PASS" start="2024-09-24T21:02:18.102728" elapsed="0.053011"/>
</kw>
<arg>${user01.password}</arg>
<status status="PASS" start="2024-09-24T21:02:18.102728" elapsed="0.054006"/>
</kw>
<kw name="Input confirm password" owner="register_page">
<kw name="Input Text" owner="SeleniumLibrary">
<msg time="2024-09-24T21:02:18.157732" level="INFO">Typing text 'Nack@2108' into text field 'xpath=//input[@id='basic_confirmPassword']'.</msg>
<arg>${register_locator.confirm_password_container}</arg>
<arg>${cf_password}</arg>
<doc>Types the given ``text`` into the text field identified by ``locator``.</doc>
<status status="PASS" start="2024-09-24T21:02:18.156734" elapsed="0.037132"/>
</kw>
<arg>${user01.cf_password}</arg>
<status status="PASS" start="2024-09-24T21:02:18.156734" elapsed="0.037132"/>
</kw>
<kw name="Submit registration" owner="register_page">
<kw name="Click Button" owner="SeleniumLibrary">
<msg time="2024-09-24T21:02:18.194862" level="INFO">Clicking button 'xpath=//div[@id='app']//button'.</msg>
<arg>${register_locator.submit_btn}</arg>
<doc>Clicks the button identified by ``locator``.</doc>
<status status="PASS" start="2024-09-24T21:02:18.194862" elapsed="0.262482"/>
</kw>
<kw name="Wait process" owner="common">
<kw name="Wait Until Element Is Visible" owner="SeleniumLibrary">
<arg>${popup_locator}</arg>
<arg>10s</arg>
<doc>Waits until the element ``locator`` is visible.</doc>
<status status="PASS" start="2024-09-24T21:02:18.458348" elapsed="0.030468"/>
</kw>
<arg>${register_locator.ok_btn}</arg>
<status status="PASS" start="2024-09-24T21:02:18.457344" elapsed="0.032471"/>
</kw>
<kw name="Click Button" owner="SeleniumLibrary">
<msg time="2024-09-24T21:02:18.489815" level="INFO">Clicking button 'xpath=/html/body/div[2]/div/div[2]/div/div[2]/div/div/div[2]/button'.</msg>
<arg>${register_locator.ok_btn}</arg>
<doc>Clicks the button identified by ``locator``.</doc>
<status status="PASS" start="2024-09-24T21:02:18.489815" elapsed="0.246238"/>
</kw>
<status status="PASS" start="2024-09-24T21:02:18.194862" elapsed="0.542192"/>
</kw>
<arg>${user01.email}</arg>
<arg>${user01.password}</arg>
<arg>${user01.cf_password}</arg>
<status status="PASS" start="2024-09-24T21:02:17.995721" elapsed="0.741333"/>
</kw>
<kw name="Click user icon" owner="common">
<kw name="Click Element" owner="SeleniumLibrary">
<msg time="2024-09-24T21:02:18.740054" level="INFO">Clicking element 'xpath=//span[@class='anticon anticon-user icon-size']'.</msg>
<msg time="2024-09-24T21:02:18.821061" level="INFO" html="true">&lt;/td&gt;&lt;/tr&gt;&lt;tr&gt;&lt;td colspan="3"&gt;&lt;a href="selenium-screenshot-2.png"&gt;&lt;img src="selenium-screenshot-2.png" width="800px"&gt;&lt;/a&gt;</msg>
<msg time="2024-09-24T21:02:18.822061" level="FAIL">Element with locator 'xpath=//span[@class='anticon anticon-user icon-size']' not found.</msg>
<arg>${common_locator.user_icon}</arg>
<doc>Click the element identified by ``locator``.</doc>
<status status="FAIL" start="2024-09-24T21:02:18.740054" elapsed="0.098008">Element with locator 'xpath=//span[@class='anticon anticon-user icon-size']' not found.</status>
</kw>
<status status="FAIL" start="2024-09-24T21:02:18.739055" elapsed="0.100008">Element with locator 'xpath=//span[@class='anticon anticon-user icon-size']' not found.</status>
</kw>
<kw name="Logout" owner="user_profile_page">
<status status="NOT RUN" start="2024-09-24T21:02:18.840062" elapsed="0.000000"/>
</kw>
<status status="FAIL" start="2024-09-24T21:02:07.944136" elapsed="10.895926">Element with locator 'xpath=//span[@class='anticon anticon-user icon-size']' not found.</status>
</test>
<test id="s1-t2" name="Test Login" line="11">
<kw name="Open website" owner="common">
<kw name="Open Browser" owner="SeleniumLibrary">
<msg time="2024-09-24T21:02:18.843061" level="INFO">Opening browser 'firefox' to base url 'https://training-platform.doppio-tech.com/'.</msg>
<arg>${${type}.url}</arg>
<doc>Opens a new browser instance to the optional ``url``.</doc>
<status status="PASS" start="2024-09-24T21:02:18.842061" elapsed="7.813531"/>
</kw>
<status status="PASS" start="2024-09-24T21:02:18.842061" elapsed="7.813531"/>
</kw>
<kw name="Click user icon" owner="common">
<kw name="Click Element" owner="SeleniumLibrary">
<msg time="2024-09-24T21:02:26.656594" level="INFO">Clicking element 'xpath=//span[@class='anticon anticon-user icon-size']'.</msg>
<arg>${common_locator.user_icon}</arg>
<doc>Click the element identified by ``locator``.</doc>
<status status="PASS" start="2024-09-24T21:02:26.656594" elapsed="0.359483"/>
</kw>
<status status="PASS" start="2024-09-24T21:02:26.655592" elapsed="0.360485"/>
</kw>
<kw name="Login" owner="log_in_feature">
<kw name="Fill in an email" owner="log_in_page">
<kw name="Input Text" owner="SeleniumLibrary">
<msg time="2024-09-24T21:02:27.020076" level="INFO">Typing text 'pakorn98@gmail.com' into text field 'xpath=//input[@type='text' and contains(@class, 'ant-input')]'.</msg>
<arg>${login_locator.email_container}</arg>
<arg>${email}</arg>
<doc>Types the given ``text`` into the text field identified by ``locator``.</doc>
<status status="PASS" start="2024-09-24T21:02:27.019076" elapsed="0.062009"/>
</kw>
<arg>${email}</arg>
<status status="PASS" start="2024-09-24T21:02:27.019076" elapsed="0.062009"/>
</kw>
<kw name="Fill in password" owner="log_in_page">
<kw name="Input Text" owner="SeleniumLibrary">
<msg time="2024-09-24T21:02:27.082081" level="INFO">Typing text 'Nack@2108' into text field 'xpath=//input[@type='password' and contains(@class, 'ant-input')]'.</msg>
<arg>${login_locator.password_container}</arg>
<arg>${password}</arg>
<doc>Types the given ``text`` into the text field identified by ``locator``.</doc>
<status status="PASS" start="2024-09-24T21:02:27.082081" elapsed="0.031002"/>
</kw>
<arg>${password}</arg>
<status status="PASS" start="2024-09-24T21:02:27.082081" elapsed="0.031002"/>
</kw>
<kw name="Click login and ok_btn" owner="log_in_page">
<kw name="Click Button" owner="SeleniumLibrary">
<msg time="2024-09-24T21:02:27.114082" level="INFO">Clicking button 'xpath=//button[span[text()='Login']]'.</msg>
<arg>${login_locator.log_in_btn}</arg>
<doc>Clicks the button identified by ``locator``.</doc>
<status status="PASS" start="2024-09-24T21:02:27.113083" elapsed="0.260213"/>
</kw>
<kw name="Wait process" owner="common">
<kw name="Wait Until Element Is Visible" owner="SeleniumLibrary">
<arg>${popup_locator}</arg>
<arg>10s</arg>
<doc>Waits until the element ``locator`` is visible.</doc>
<status status="PASS" start="2024-09-24T21:02:27.374295" elapsed="0.250398"/>
</kw>
<arg>${log_in_locator.ok_btn}</arg>
<status status="PASS" start="2024-09-24T21:02:27.374295" elapsed="0.251397"/>
</kw>
<kw name="Click Button" owner="SeleniumLibrary">
<msg time="2024-09-24T21:02:27.625692" level="INFO">Clicking button 'xpath=//button[span[text()='OK']]'.</msg>
<arg>${login_locator.ok_btn}</arg>
<doc>Clicks the button identified by ``locator``.</doc>
<status status="PASS" start="2024-09-24T21:02:27.625692" elapsed="0.304246"/>
</kw>
<status status="PASS" start="2024-09-24T21:02:27.113083" elapsed="0.816855"/>
</kw>
<arg>${user01.email}</arg>
<arg>${user01.password}</arg>
<status status="PASS" start="2024-09-24T21:02:27.017078" elapsed="0.912860"/>
</kw>
<kw name="Type and search product" owner="home_page">
<kw name="Input Text" owner="SeleniumLibrary">
<msg time="2024-09-24T21:02:27.933936" level="INFO">Typing text 'Phone' into text field 'xpath=//input[@placeholder='input search text']'.</msg>
<arg>${home_locator.input_txt}</arg>
<arg>${product}</arg>
<doc>Types the given ``text`` into the text field identified by ``locator``.</doc>
<status status="PASS" start="2024-09-24T21:02:27.932936" elapsed="0.038006"/>
</kw>
<kw name="Click Element" owner="SeleniumLibrary">
<msg time="2024-09-24T21:02:27.970942" level="INFO">Clicking element 'xpath=//button[contains(@class, 'ant-input-search-button')]'.</msg>
<arg>${home_locator.search_btn}</arg>
<doc>Click the element identified by ``locator``.</doc>
<status status="PASS" start="2024-09-24T21:02:27.970942" elapsed="0.235439"/>
</kw>
<arg>${user01.product}</arg>
<status status="PASS" start="2024-09-24T21:02:27.930939" elapsed="0.275442"/>
</kw>
<kw name="Add product to cart" owner="home_feature">
<kw name="Click add product to cart" owner="home_page">
<kw name="Replace String" owner="String">
<msg time="2024-09-24T21:02:28.209382" level="INFO">${new_locator} = xpath=//div[@class='ant-card-meta-title' and text()='Coppee phone 1']</msg>
<var>${new_locator}</var>
<arg>${home_locator.search_txt_product_name}</arg>
<arg>{{product}}</arg>
<arg>${product.product_name}</arg>
<doc>Replaces ``search_for`` in the given ``string`` with ``replace_with``.</doc>
<status status="PASS" start="2024-09-24T21:02:28.209382" elapsed="0.000000"/>
</kw>
<kw name="Click Element" owner="SeleniumLibrary">
<msg time="2024-09-24T21:02:28.210384" level="INFO">Clicking element 'xpath=//div[@class='ant-card-meta-title' and text()='Coppee phone 1']'.</msg>
<arg>${new_locator}</arg>
<doc>Click the element identified by ``locator``.</doc>
<status status="PASS" start="2024-09-24T21:02:28.210384" elapsed="0.282334"/>
</kw>
<arg>${product.product_name}</arg>
<status status="PASS" start="2024-09-24T21:02:28.208384" elapsed="0.284334"/>
</kw>
<kw name="Click add to cart button and ok button" owner="home_page">
<kw name="Click Element" owner="SeleniumLibrary">
<msg time="2024-09-24T21:02:28.493717" level="INFO">Clicking element 'xpath=//button[contains(@class, 'cart-button') and span[text()='Add to cart']]'.</msg>
<arg>${home_locator.add_to_cart_btn}</arg>
<doc>Click the element identified by ``locator``.</doc>
<status status="PASS" start="2024-09-24T21:02:28.493717" elapsed="0.262512"/>
</kw>
<kw name="Wait process" owner="common">
<kw name="Wait Until Element Is Visible" owner="SeleniumLibrary">
<arg>${popup_locator}</arg>
<arg>10s</arg>
<doc>Waits until the element ``locator`` is visible.</doc>
<status status="PASS" start="2024-09-24T21:02:28.763230" elapsed="0.036966"/>
</kw>
<arg>${home_locator.ok_popup}</arg>
<status status="PASS" start="2024-09-24T21:02:28.762231" elapsed="0.037965"/>
</kw>
<kw name="Click Element" owner="SeleniumLibrary">
<msg time="2024-09-24T21:02:28.801196" level="INFO">Clicking element 'xpath=//button[contains(@class, 'ant-btn-primary') and span[text()='OK']]'.</msg>
<arg>${home_locator.ok_popup}</arg>
<doc>Click the element identified by ``locator``.</doc>
<status status="PASS" start="2024-09-24T21:02:28.800196" elapsed="0.260931"/>
</kw>
<status status="PASS" start="2024-09-24T21:02:28.493717" elapsed="0.567410"/>
</kw>
<arg>${product.product_name}</arg>
<status status="PASS" start="2024-09-24T21:02:28.207382" elapsed="0.853745"/>
</kw>
<kw name="Open cart" owner="common">
<kw name="Click Element" owner="SeleniumLibrary">
<msg time="2024-09-24T21:02:29.064123" level="INFO">Clicking element 'xpath=//span[@role='img' and @aria-label='shopping-cart']'.</msg>
<arg>${common_locator.shopping_cart_icon}</arg>
<doc>Click the element identified by ``locator``.</doc>
<status status="PASS" start="2024-09-24T21:02:29.063122" elapsed="0.322152"/>
</kw>
<status status="PASS" start="2024-09-24T21:02:29.063122" elapsed="0.322152"/>
</kw>
<kw name="Fill in delivery info and start payment process" owner="cart_feature">
<kw name="Input name in delivery info" owner="cart_page">
<kw name="Input Text" owner="SeleniumLibrary">
<msg time="2024-09-24T21:02:29.390273" level="INFO">Typing text 'Pakorn' into text field 'xpath=//input[@id='form_item_name']'.</msg>
<arg>${cart_locator.input_txt_name}</arg>
<arg>${name}</arg>
<doc>Types the given ``text`` into the text field identified by ``locator``.</doc>
<status status="PASS" start="2024-09-24T21:02:29.389275" elapsed="0.102540"/>
</kw>
<arg>${name}</arg>
<status status="PASS" start="2024-09-24T21:02:29.389275" elapsed="0.103539"/>
</kw>
<kw name="Input surname in delivery info" owner="cart_page">
<kw name="Input Text" owner="SeleniumLibrary">
<msg time="2024-09-24T21:02:29.493814" level="INFO">Typing text 'Chabang' into text field 'xpath=//input[@id='form_item_surName']'.</msg>
<arg>${cart_locator.input_txt_surName}</arg>
<arg>${surname}</arg>
<doc>Types the given ``text`` into the text field identified by ``locator``.</doc>
<status status="PASS" start="2024-09-24T21:02:29.492814" elapsed="0.037003"/>
</kw>
<arg>${surname}</arg>
<status status="PASS" start="2024-09-24T21:02:29.492814" elapsed="0.037003"/>
</kw>
<kw name="Input address in delivery info" owner="cart_page">
<kw name="Input Text" owner="SeleniumLibrary">
<msg time="2024-09-24T21:02:29.530817" level="INFO">Typing text '10240' into text field 'xpath=//input[@id='form_item_address']'.</msg>
<arg>${cart_locator.input_txt_address}</arg>
<arg>${address}</arg>
<doc>Types the given ``text`` into the text field identified by ``locator``.</doc>
<status status="PASS" start="2024-09-24T21:02:29.530817" elapsed="0.096065"/>
</kw>
<arg>${address}</arg>
<status status="PASS" start="2024-09-24T21:02:29.530817" elapsed="0.096065"/>
</kw>
<kw name="Input phone in delivery info" owner="cart_page">
<kw name="Input Text" owner="SeleniumLibrary">
<msg time="2024-09-24T21:02:29.628880" level="INFO">Typing text '0962019484' into text field 'xpath=//input[@id='form_item_phone']'.</msg>
<arg>${cart_locator.input_txt_phone}</arg>
<arg>${phone}</arg>
<doc>Types the given ``text`` into the text field identified by ``locator``.</doc>
<status status="PASS" start="2024-09-24T21:02:29.627881" elapsed="0.074016"/>
</kw>
<arg>${phone}</arg>
<status status="PASS" start="2024-09-24T21:02:29.626882" elapsed="0.075015"/>
</kw>
<kw name="Input email in delivery info" owner="cart_page">
<kw name="Input Text" owner="SeleniumLibrary">
<msg time="2024-09-24T21:02:29.703897" level="INFO">Typing text 'pakorn98@gmail.com' into text field 'xpath=//input[@id='form_item_email']'.</msg>
<arg>${cart_locator.input_txt_email}</arg>
<arg>${email}</arg>
<doc>Types the given ``text`` into the text field identified by ``locator``.</doc>
<status status="PASS" start="2024-09-24T21:02:29.703897" elapsed="0.060003"/>
</kw>
<arg>${email}</arg>
<status status="PASS" start="2024-09-24T21:02:29.702897" elapsed="0.061003"/>
</kw>
<kw name="Click pay button" owner="cart_page">
<kw name="Click Button" owner="SeleniumLibrary">
<msg time="2024-09-24T21:02:29.764899" level="INFO">Clicking button 'xpath=//button[span[text()='PAY']]'.</msg>
<arg>${cart_locator.pay_btn}</arg>
<doc>Clicks the button identified by ``locator``.</doc>
<status status="PASS" start="2024-09-24T21:02:29.763900" elapsed="0.276201"/>
</kw>
<status status="PASS" start="2024-09-24T21:02:29.763900" elapsed="0.276201"/>
</kw>
<arg>${user01.name}</arg>
<arg>${user01.surname}</arg>
<arg>${user01.address}</arg>
<arg>${user01.phone}</arg>
<arg>${user01.email}</arg>
<status status="PASS" start="2024-09-24T21:02:29.386273" elapsed="0.653828"/>
</kw>
<kw name="Select payment method" owner="payment_page">
<kw name="Click Button" owner="SeleniumLibrary">
<msg time="2024-09-24T21:02:30.042101" level="INFO">Clicking button 'xpath=//button[span[text()='Next']]'.</msg>
<arg>${payment_locator.next_btn}</arg>
<doc>Clicks the button identified by ``locator``.</doc>
<status status="PASS" start="2024-09-24T21:02:30.042101" elapsed="0.282151"/>
</kw>
<status status="PASS" start="2024-09-24T21:02:30.041100" elapsed="0.283152"/>
</kw>
<kw name="Fill in credit card details and confirm payment" owner="payment_feature">
<kw name="Fill card number in credit card details" owner="payment_page">
<kw name="Input Text" owner="SeleniumLibrary">
<msg time="2024-09-24T21:02:30.329251" level="INFO">Typing text '4111111111111111' into text field 'xpath=//input[@id='basic_bin']'.</msg>
<arg>${payment_locator.card_number_container}</arg>
<arg>${creditcard}</arg>
<doc>Types the given ``text`` into the text field identified by ``locator``.</doc>
<status status="PASS" start="2024-09-24T21:02:30.328251" elapsed="0.048006"/>
</kw>
<arg>${creditcard}</arg>
<status status="PASS" start="2024-09-24T21:02:30.328251" elapsed="0.048006"/>
</kw>
<kw name="Fill expire date in credit card details" owner="payment_page">
<kw name="Input Text" owner="SeleniumLibrary">
<msg time="2024-09-24T21:02:30.378256" level="INFO">Typing text '11/2025' into text field 'xpath=//input[@id='basic_exp']'.</msg>
<arg>${payment_locator.exp_container}</arg>
<arg>${exp}</arg>
<doc>Types the given ``text`` into the text field identified by ``locator``.</doc>
<status status="PASS" start="2024-09-24T21:02:30.377258" elapsed="0.028001"/>
</kw>
<arg>${exp}</arg>
<status status="PASS" start="2024-09-24T21:02:30.377258" elapsed="0.028001"/>
</kw>
<kw name="Fill cvc in credit card details" owner="payment_page">
<kw name="Input Text" owner="SeleniumLibrary">
<msg time="2024-09-24T21:02:30.406258" level="INFO">Typing text '123' into text field 'xpath=//input[@id='basic_cvc']'.</msg>
<arg>${payment_locator.cvc_container}</arg>
<arg>${cvc}</arg>
<doc>Types the given ``text`` into the text field identified by ``locator``.</doc>
<status status="PASS" start="2024-09-24T21:02:30.406258" elapsed="0.027002"/>
</kw>
<arg>${cvc}</arg>
<status status="PASS" start="2024-09-24T21:02:30.406258" elapsed="0.027002"/>
</kw>
<kw name="Fill card holder name in credit card details" owner="payment_page">
<kw name="Input Text" owner="SeleniumLibrary">
<msg time="2024-09-24T21:02:30.434261" level="INFO">Typing text 'Pakorn' into text field 'xpath=//input[@id='basic_owner']'.</msg>
<arg>${payment_locator.holder_name_container}</arg>
<arg>${name}</arg>
<doc>Types the given ``text`` into the text field identified by ``locator``.</doc>
<status status="PASS" start="2024-09-24T21:02:30.434261" elapsed="0.027000"/>
</kw>
<arg>${name}</arg>
<status status="PASS" start="2024-09-24T21:02:30.433260" elapsed="0.029003"/>
</kw>
<kw name="Click confirm payment" owner="payment_page">
<kw name="Click Button" owner="SeleniumLibrary">
<msg time="2024-09-24T21:02:30.462263" level="INFO">Clicking button 'xpath=//button[span[text()='Confirm Payment']]'.</msg>
<arg>${payment_locator.confirm_payment_btn}</arg>
<doc>Clicks the button identified by ``locator``.</doc>
<status status="PASS" start="2024-09-24T21:02:30.462263" elapsed="0.253370"/>
</kw>
<kw name="Wait process" owner="common">
<kw name="Wait Until Element Is Visible" owner="SeleniumLibrary">
<arg>${popup_locator}</arg>
<arg>10s</arg>
<doc>Waits until the element ``locator`` is visible.</doc>
<status status="PASS" start="2024-09-24T21:02:30.716632" elapsed="0.017001"/>
</kw>
<arg>${payment_locator.ok_btn}</arg>
<status status="PASS" start="2024-09-24T21:02:30.716632" elapsed="0.018005"/>
</kw>
<kw name="Click Button" owner="SeleniumLibrary">
<msg time="2024-09-24T21:02:30.735634" level="INFO">Clicking button 'xpath=//button[span[text()='OK']]'.</msg>
<arg>${payment_locator.ok_btn}</arg>
<doc>Clicks the button identified by ``locator``.</doc>
<status status="PASS" start="2024-09-24T21:02:30.734637" elapsed="0.502495"/>
</kw>
<status status="PASS" start="2024-09-24T21:02:30.462263" elapsed="0.774869"/>
</kw>
<arg>${user01.creditcard}</arg>
<arg>${user01.exp}</arg>
<arg>${user01.cvc}</arg>
<arg>${user01.name}</arg>
<status status="PASS" start="2024-09-24T21:02:30.325253" elapsed="0.911879"/>
</kw>
<kw name="Click user icon" owner="common">
<kw name="Click Element" owner="SeleniumLibrary">
<msg time="2024-09-24T21:02:31.239131" level="INFO">Clicking element 'xpath=//span[@class='anticon anticon-user icon-size']'.</msg>
<arg>${common_locator.user_icon}</arg>
<doc>Click the element identified by ``locator``.</doc>
<status status="PASS" start="2024-09-24T21:02:31.239131" elapsed="0.229141"/>
</kw>
<status status="PASS" start="2024-09-24T21:02:31.238130" elapsed="0.230142"/>
</kw>
<kw name="Logout" owner="user_profile_page">
<kw name="Click Button" owner="SeleniumLibrary">
<msg time="2024-09-24T21:02:31.469272" level="INFO">Clicking button 'xpath=//button[span[text()='Logout']]'.</msg>
<arg>${user_profile_locator.logout_btn}</arg>
<doc>Clicks the button identified by ``locator``.</doc>
<status status="PASS" start="2024-09-24T21:02:31.469272" elapsed="0.433818"/>
</kw>
<status status="PASS" start="2024-09-24T21:02:31.469272" elapsed="0.433818"/>
</kw>
<status status="PASS" start="2024-09-24T21:02:18.841060" elapsed="13.063032"/>
</test>
<status status="FAIL" start="2024-09-24T21:02:07.285124" elapsed="24.620966"/>
</suite>
<statistics>
<total>
<stat pass="1" fail="1" skip="0">All Tests</stat>
</total>
<tag>
</tag>
<suite>
<stat pass="1" fail="1" skip="0" id="s1" name="Tc01">Tc01</stat>
</suite>
</statistics>
<errors>
<msg time="2024-09-24T21:02:07.874131" level="ERROR">Error in file 'C:\Users\User\Desktop\Test_Stucture\keywords\features\log_in_feature.robot' on line 2: Resource file '..\pages\import.robot' does not exist.</msg>
<msg time="2024-09-24T21:02:07.879133" level="ERROR">Error in file 'C:\Users\User\Desktop\Test_Stucture\keywords\features\home_feature.robot' on line 2: Resource file '..\pages\import.robot' does not exist.</msg>
<msg time="2024-09-24T21:02:07.886132" level="ERROR">Error in file 'C:\Users\User\Desktop\Test_Stucture\keywords\features\cart_feature.robot' on line 2: Resource file '..\pages\import.robot' does not exist.</msg>
</errors>
</robot>
