<?xml version="1.0" encoding="UTF-8"?>
<robot generator="Robot 7.0.1 (Python 3.12.2 on win32)" generated="2024-10-04T21:59:08.274295" rpa="false" schemaversion="5">
<suite id="s1" name="Tc01" source="C:\Users\User\Desktop\doppio\Test_Stucture\testcases\tc01.robot">
<test id="s1-t1" name="Test Register" line="7">
<kw name="Open website" owner="common" type="SETUP">
<kw name="Open Browser" owner="SeleniumLibrary">
<msg time="2024-10-04T21:59:08.660337" level="INFO">Opening browser 'gc' to base url 'https://training-platform.doppio-tech.com/'.</msg>
<msg time="2024-10-04T21:59:09.175376" level="WARN">The chromedriver version (128.0.6613.84) detected in PATH at c:\chromedriver\chromedriver.exe might not be compatible with the detected chrome version (129.0.6668.90); currently, chromedriver 129.0.6668.89 is recommended for chrome 129.*, so it is advised to delete the driver in PATH and retry</msg>
<arg>${${type}.url}</arg>
<arg>${setup.browser}</arg>
<doc>Opens a new browser instance to the optional ``url``.</doc>
<status status="PASS" start="2024-10-04T21:59:08.659336" elapsed="2.620102"/>
</kw>
<status status="PASS" start="2024-10-04T21:59:08.658337" elapsed="2.621101"/>
</kw>
<kw name="Click user icon then sign up button" owner="log_in_feature">
<kw name="Click user icon" owner="common">
<kw name="Click when ready" owner="common">
<kw name="Wait Until Element Is Visible" owner="SeleniumLibrary">
<arg>${locator}</arg>
<arg>${setup.wait_time}</arg>
<doc>Waits until the element ``locator`` is visible.</doc>
<status status="PASS" start="2024-10-04T21:59:11.283437" elapsed="0.038003"/>
</kw>
<kw name="Click Element" owner="SeleniumLibrary">
<msg time="2024-10-04T21:59:11.322442" level="INFO">Clicking element 'xpath=//span[@class='anticon anticon-user icon-size']'.</msg>
<arg>${locator}</arg>
<doc>Click the element identified by ``locator``.</doc>
<status status="PASS" start="2024-10-04T21:59:11.322442" elapsed="0.150010"/>
</kw>
<arg>${common_locator.user_icon}</arg>
<status status="PASS" start="2024-10-04T21:59:11.282438" elapsed="0.190014"/>
</kw>
<status status="PASS" start="2024-10-04T21:59:11.281440" elapsed="0.191012"/>
</kw>
<kw name="Click sign up button" owner="log_in_page">
<kw name="Click when ready" owner="common">
<kw name="Wait Until Element Is Visible" owner="SeleniumLibrary">
<arg>${locator}</arg>
<arg>${setup.wait_time}</arg>
<doc>Waits until the element ``locator`` is visible.</doc>
<status status="PASS" start="2024-10-04T21:59:11.473452" elapsed="0.049003"/>
</kw>
<kw name="Click Element" owner="SeleniumLibrary">
<msg time="2024-10-04T21:59:11.523454" level="INFO">Clicking element 'xpath=//div[@id='app']//button/span[text()='Sign up']'.</msg>
<arg>${locator}</arg>
<doc>Click the element identified by ``locator``.</doc>
<status status="PASS" start="2024-10-04T21:59:11.522455" elapsed="0.128011"/>
</kw>
<arg>${login_locator.sign_up_btn}</arg>
<status status="PASS" start="2024-10-04T21:59:11.473452" elapsed="0.178014"/>
</kw>
<status status="PASS" start="2024-10-04T21:59:11.472452" elapsed="0.179014"/>
</kw>
<status status="PASS" start="2024-10-04T21:59:11.280440" elapsed="0.371026"/>
</kw>
<kw name="Fill in registration and submit" owner="register_feature">
<kw name="Input register email" owner="register_page">
<kw name="Input when ready" owner="common">
<kw name="Wait Until Element Is Visible" owner="SeleniumLibrary">
<arg>${locator}</arg>
<arg>${setup.wait_time}</arg>
<doc>Waits until the element ``locator`` is visible.</doc>
<status status="PASS" start="2024-10-04T21:59:11.658469" elapsed="0.026001"/>
</kw>
<kw name="Input Text" owner="SeleniumLibrary">
<msg time="2024-10-04T21:59:11.684470" level="INFO">Typing text 'pakorn81@gmail.com' into text field 'xpath=//input[@id='basic_username']'.</msg>
<arg>${locator}</arg>
<arg>${fillindata}</arg>
<doc>Types the given ``text`` into the text field identified by ``locator``.</doc>
<status status="PASS" start="2024-10-04T21:59:11.684470" elapsed="0.174013"/>
</kw>
<arg>${register_locator.username_container}</arg>
<arg>${email}</arg>
<status status="PASS" start="2024-10-04T21:59:11.657467" elapsed="0.201016"/>
</kw>
<arg>${user01.email}</arg>
<status status="PASS" start="2024-10-04T21:59:11.656465" elapsed="0.202018"/>
</kw>
<kw name="Input register password" owner="register_page">
<kw name="Input when ready" owner="common">
<kw name="Wait Until Element Is Visible" owner="SeleniumLibrary">
<arg>${locator}</arg>
<arg>${setup.wait_time}</arg>
<doc>Waits until the element ``locator`` is visible.</doc>
<status status="PASS" start="2024-10-04T21:59:11.859480" elapsed="0.026004"/>
</kw>
<kw name="Input Text" owner="SeleniumLibrary">
<msg time="2024-10-04T21:59:11.886482" level="INFO">Typing text 'Nack@2108' into text field 'xpath=//input[@id='basic_password']'.</msg>
<arg>${locator}</arg>
<arg>${fillindata}</arg>
<doc>Types the given ``text`` into the text field identified by ``locator``.</doc>
<status status="PASS" start="2024-10-04T21:59:11.886482" elapsed="0.122011"/>
</kw>
<arg>${register_locator.password_container}</arg>
<arg>${password}</arg>
<status status="PASS" start="2024-10-04T21:59:11.859480" elapsed="0.149013"/>
</kw>
<arg>${user01.password}</arg>
<status status="PASS" start="2024-10-04T21:59:11.859480" elapsed="0.149013"/>
</kw>
<kw name="Input confirm password" owner="register_page">
<kw name="Input when ready" owner="common">
<kw name="Wait Until Element Is Visible" owner="SeleniumLibrary">
<arg>${locator}</arg>
<arg>${setup.wait_time}</arg>
<doc>Waits until the element ``locator`` is visible.</doc>
<status status="PASS" start="2024-10-04T21:59:12.010492" elapsed="0.024002"/>
</kw>
<kw name="Input Text" owner="SeleniumLibrary">
<msg time="2024-10-04T21:59:12.035492" level="INFO">Typing text 'Nack@2108' into text field 'xpath=//input[@id='basic_confirmPassword']'.</msg>
<arg>${locator}</arg>
<arg>${fillindata}</arg>
<doc>Types the given ``text`` into the text field identified by ``locator``.</doc>
<status status="PASS" start="2024-10-04T21:59:12.035492" elapsed="0.121011"/>
</kw>
<arg>${register_locator.confirm_password_container}</arg>
<arg>${cf_password}</arg>
<status status="PASS" start="2024-10-04T21:59:12.009497" elapsed="0.147006"/>
</kw>
<arg>${user01.cf_password}</arg>
<status status="PASS" start="2024-10-04T21:59:12.009497" elapsed="0.147006"/>
</kw>
<kw name="Submit registration" owner="register_page">
<kw name="Click when ready" owner="common">
<kw name="Wait Until Element Is Visible" owner="SeleniumLibrary">
<arg>${locator}</arg>
<arg>${setup.wait_time}</arg>
<doc>Waits until the element ``locator`` is visible.</doc>
<status status="PASS" start="2024-10-04T21:59:12.158504" elapsed="0.026001"/>
</kw>
<kw name="Click Element" owner="SeleniumLibrary">
<msg time="2024-10-04T21:59:12.184505" level="INFO">Clicking element 'xpath=//div[@id='app']//button'.</msg>
<arg>${locator}</arg>
<doc>Click the element identified by ``locator``.</doc>
<status status="PASS" start="2024-10-04T21:59:12.184505" elapsed="0.063006"/>
</kw>
<arg>${register_locator.submit_btn}</arg>
<status status="PASS" start="2024-10-04T21:59:12.157503" elapsed="0.091006"/>
</kw>
<status status="PASS" start="2024-10-04T21:59:12.157503" elapsed="0.091006"/>
</kw>
<kw name="Click popup when ready" owner="common">
<kw name="Wait Until Element Is Visible" owner="SeleniumLibrary">
<arg>${common_locator.ok_btn}</arg>
<arg>${setup.popup_wait_time}</arg>
<doc>Waits until the element ``locator`` is visible.</doc>
<status status="PASS" start="2024-10-04T21:59:12.249511" elapsed="0.237997"/>
</kw>
<kw name="Click when ready" owner="common">
<kw name="Wait Until Element Is Visible" owner="SeleniumLibrary">
<arg>${locator}</arg>
<arg>${setup.wait_time}</arg>
<doc>Waits until the element ``locator`` is visible.</doc>
<status status="PASS" start="2024-10-04T21:59:12.488505" elapsed="0.022004"/>
</kw>
<kw name="Click Element" owner="SeleniumLibrary">
<msg time="2024-10-04T21:59:12.511508" level="INFO">Clicking element 'xpath=//button[span[text()='OK']]'.</msg>
<arg>${locator}</arg>
<doc>Click the element identified by ``locator``.</doc>
<status status="PASS" start="2024-10-04T21:59:12.511508" elapsed="0.052003"/>
</kw>
<arg>${common_locator.ok_btn}</arg>
<status status="PASS" start="2024-10-04T21:59:12.488505" elapsed="0.076006"/>
</kw>
<status status="PASS" start="2024-10-04T21:59:12.248509" elapsed="0.316002"/>
</kw>
<arg>${user01.email}</arg>
<arg>${user01.password}</arg>
<arg>${user01.cf_password}</arg>
<status status="PASS" start="2024-10-04T21:59:11.652467" elapsed="0.912044"/>
</kw>
<kw name="Logout" owner="user_profile_feature">
<kw name="Click user icon" owner="common">
<kw name="Click when ready" owner="common">
<kw name="Wait Until Element Is Visible" owner="SeleniumLibrary">
<arg>${locator}</arg>
<arg>${setup.wait_time}</arg>
<doc>Waits until the element ``locator`` is visible.</doc>
<status status="PASS" start="2024-10-04T21:59:12.568512" elapsed="0.234938"/>
</kw>
<kw name="Click Element" owner="SeleniumLibrary">
<msg time="2024-10-04T21:59:12.804449" level="INFO">Clicking element 'xpath=//span[@class='anticon anticon-user icon-size']'.</msg>
<arg>${locator}</arg>
<doc>Click the element identified by ``locator``.</doc>
<status status="PASS" start="2024-10-04T21:59:12.803450" elapsed="0.188961"/>
</kw>
<arg>${common_locator.user_icon}</arg>
<status status="PASS" start="2024-10-04T21:59:12.567513" elapsed="0.425898"/>
</kw>
<status status="PASS" start="2024-10-04T21:59:12.566511" elapsed="0.426900"/>
</kw>
<kw name="Click logout" owner="user_profile_page">
<kw name="Click when ready" owner="common">
<kw name="Wait Until Element Is Visible" owner="SeleniumLibrary">
<arg>${locator}</arg>
<arg>${setup.wait_time}</arg>
<doc>Waits until the element ``locator`` is visible.</doc>
<status status="PASS" start="2024-10-04T21:59:12.994409" elapsed="0.022001"/>
</kw>
<kw name="Click Element" owner="SeleniumLibrary">
<msg time="2024-10-04T21:59:13.017410" level="INFO">Clicking element 'xpath=//button[span[text()='Logout']]'.</msg>
<arg>${locator}</arg>
<doc>Click the element identified by ``locator``.</doc>
<status status="PASS" start="2024-10-04T21:59:13.017410" elapsed="0.273843"/>
</kw>
<arg>${user_profile_locator.logout_btn}</arg>
<status status="PASS" start="2024-10-04T21:59:12.994409" elapsed="0.297852"/>
</kw>
<status status="PASS" start="2024-10-04T21:59:12.993411" elapsed="0.298850"/>
</kw>
<status status="PASS" start="2024-10-04T21:59:12.565517" elapsed="0.726744"/>
</kw>
<kw name="Close Browser" owner="SeleniumLibrary" type="TEARDOWN">
<doc>Closes the current browser.</doc>
<status status="PASS" start="2024-10-04T21:59:13.293252" elapsed="2.261982"/>
</kw>
<tag>register</tag>
<status status="PASS" start="2024-10-04T21:59:08.657338" elapsed="6.898877"/>
</test>
<test id="s1-t2" name="Test Login" line="13">
<kw name="Open website" owner="common" type="SETUP">
<kw name="Open Browser" owner="SeleniumLibrary">
<msg time="2024-10-04T21:59:15.560224" level="INFO">Opening browser 'gc' to base url 'https://training-platform.doppio-tech.com/'.</msg>
<msg time="2024-10-04T21:59:16.135257" level="WARN">The chromedriver version (128.0.6613.84) detected in PATH at c:\chromedriver\chromedriver.exe might not be compatible with the detected chrome version (129.0.6668.90); currently, chromedriver 129.0.6668.89 is recommended for chrome 129.*, so it is advised to delete the driver in PATH and retry</msg>
<arg>${${type}.url}</arg>
<arg>${setup.browser}</arg>
<doc>Opens a new browser instance to the optional ``url``.</doc>
<status status="PASS" start="2024-10-04T21:59:15.558214" elapsed="2.677697"/>
</kw>
<status status="PASS" start="2024-10-04T21:59:15.558214" elapsed="2.677697"/>
</kw>
<kw name="Login" owner="log_in_feature">
<kw name="Click user icon" owner="common">
<kw name="Click when ready" owner="common">
<kw name="Wait Until Element Is Visible" owner="SeleniumLibrary">
<arg>${locator}</arg>
<arg>${setup.wait_time}</arg>
<doc>Waits until the element ``locator`` is visible.</doc>
<status status="PASS" start="2024-10-04T21:59:18.241911" elapsed="0.037003"/>
</kw>
<kw name="Click Element" owner="SeleniumLibrary">
<msg time="2024-10-04T21:59:18.279913" level="INFO">Clicking element 'xpath=//span[@class='anticon anticon-user icon-size']'.</msg>
<arg>${locator}</arg>
<doc>Click the element identified by ``locator``.</doc>
<status status="PASS" start="2024-10-04T21:59:18.278914" elapsed="0.143011"/>
</kw>
<arg>${common_locator.user_icon}</arg>
<status status="PASS" start="2024-10-04T21:59:18.240913" elapsed="0.182011"/>
</kw>
<status status="PASS" start="2024-10-04T21:59:18.239914" elapsed="0.183010"/>
</kw>
<kw name="Fill in an email" owner="log_in_page">
<kw name="Input when ready" owner="common">
<kw name="Wait Until Element Is Visible" owner="SeleniumLibrary">
<arg>${locator}</arg>
<arg>${setup.wait_time}</arg>
<doc>Waits until the element ``locator`` is visible.</doc>
<status status="PASS" start="2024-10-04T21:59:18.424925" elapsed="0.045001"/>
</kw>
<kw name="Input Text" owner="SeleniumLibrary">
<msg time="2024-10-04T21:59:18.469926" level="INFO">Typing text 'pakorn81@gmail.com' into text field 'xpath=//input[@type='text' and contains(@class, 'ant-input')]'.</msg>
<arg>${locator}</arg>
<arg>${fillindata}</arg>
<doc>Types the given ``text`` into the text field identified by ``locator``.</doc>
<status status="PASS" start="2024-10-04T21:59:18.469926" elapsed="0.154017"/>
</kw>
<arg>${login_locator.email_container}</arg>
<arg>${email}</arg>
<status status="PASS" start="2024-10-04T21:59:18.423925" elapsed="0.201015"/>
</kw>
<arg>${email}</arg>
<status status="PASS" start="2024-10-04T21:59:18.422924" elapsed="0.202016"/>
</kw>
<kw name="Fill in password" owner="log_in_page">
<kw name="Input when ready" owner="common">
<kw name="Wait Until Element Is Visible" owner="SeleniumLibrary">
<arg>${locator}</arg>
<arg>${setup.wait_time}</arg>
<doc>Waits until the element ``locator`` is visible.</doc>
<status status="PASS" start="2024-10-04T21:59:18.625938" elapsed="0.025004"/>
</kw>
<kw name="Input Text" owner="SeleniumLibrary">
<msg time="2024-10-04T21:59:18.650942" level="INFO">Typing text 'Nack@2108' into text field 'xpath=//input[@type='password' and contains(@class, 'ant-input')]'.</msg>
<arg>${locator}</arg>
<arg>${fillindata}</arg>
<doc>Types the given ``text`` into the text field identified by ``locator``.</doc>
<status status="PASS" start="2024-10-04T21:59:18.650942" elapsed="0.099007"/>
</kw>
<arg>${login_locator.password_container}</arg>
<arg>${password}</arg>
<status status="PASS" start="2024-10-04T21:59:18.624940" elapsed="0.125009"/>
</kw>
<arg>${password}</arg>
<status status="PASS" start="2024-10-04T21:59:18.624940" elapsed="0.125009"/>
</kw>
<kw name="Click login" owner="log_in_page">
<kw name="Click when ready" owner="common">
<kw name="Wait Until Element Is Visible" owner="SeleniumLibrary">
<arg>${locator}</arg>
<arg>${setup.wait_time}</arg>
<doc>Waits until the element ``locator`` is visible.</doc>
<status status="PASS" start="2024-10-04T21:59:18.750947" elapsed="0.023004"/>
</kw>
<kw name="Click Element" owner="SeleniumLibrary">
<msg time="2024-10-04T21:59:18.774950" level="INFO">Clicking element 'xpath=//button[span[text()='Login']]'.</msg>
<arg>${locator}</arg>
<doc>Click the element identified by ``locator``.</doc>
<status status="PASS" start="2024-10-04T21:59:18.773951" elapsed="0.050003"/>
</kw>
<arg>${login_locator.log_in_btn}</arg>
<status status="PASS" start="2024-10-04T21:59:18.750947" elapsed="0.073007"/>
</kw>
<status status="PASS" start="2024-10-04T21:59:18.749949" elapsed="0.074005"/>
</kw>
<kw name="Click popup when ready" owner="common">
<kw name="Wait Until Element Is Visible" owner="SeleniumLibrary">
<arg>${common_locator.ok_btn}</arg>
<arg>${setup.popup_wait_time}</arg>
<doc>Waits until the element ``locator`` is visible.</doc>
<status status="PASS" start="2024-10-04T21:59:18.824953" elapsed="0.236576"/>
</kw>
<kw name="Click when ready" owner="common">
<kw name="Wait Until Element Is Visible" owner="SeleniumLibrary">
<arg>${locator}</arg>
<arg>${setup.wait_time}</arg>
<doc>Waits until the element ``locator`` is visible.</doc>
<status status="PASS" start="2024-10-04T21:59:19.061529" elapsed="0.021005"/>
</kw>
<kw name="Click Element" owner="SeleniumLibrary">
<msg time="2024-10-04T21:59:19.082534" level="INFO">Clicking element 'xpath=//button[span[text()='OK']]'.</msg>
<arg>${locator}</arg>
<doc>Click the element identified by ``locator``.</doc>
<status status="PASS" start="2024-10-04T21:59:19.082534" elapsed="0.092005"/>
</kw>
<arg>${common_locator.ok_btn}</arg>
<status status="PASS" start="2024-10-04T21:59:19.061529" elapsed="0.113010"/>
</kw>
<status status="PASS" start="2024-10-04T21:59:18.823954" elapsed="0.350585"/>
</kw>
<arg>${user01.email}</arg>
<arg>${user01.password}</arg>
<status status="PASS" start="2024-10-04T21:59:18.236911" elapsed="0.937628"/>
</kw>
<kw name="Type and search product" owner="home_feature">
<kw name="Type product name" owner="home_page">
<kw name="Input when ready" owner="common">
<kw name="Wait Until Element Is Visible" owner="SeleniumLibrary">
<arg>${locator}</arg>
<arg>${setup.wait_time}</arg>
<doc>Waits until the element ``locator`` is visible.</doc>
<status status="PASS" start="2024-10-04T21:59:19.178537" elapsed="0.030003"/>
</kw>
<kw name="Input Text" owner="SeleniumLibrary">
<msg time="2024-10-04T21:59:19.208540" level="INFO">Typing text 'Phone' into text field 'xpath=//input[@placeholder='input search text']'.</msg>
<arg>${locator}</arg>
<arg>${fillindata}</arg>
<doc>Types the given ``text`` into the text field identified by ``locator``.</doc>
<status status="PASS" start="2024-10-04T21:59:19.208540" elapsed="0.095009"/>
</kw>
<arg>${home_locator.input_txt}</arg>
<arg>${product}</arg>
<status status="PASS" start="2024-10-04T21:59:19.177538" elapsed="0.126011"/>
</kw>
<arg>${product}</arg>
<status status="PASS" start="2024-10-04T21:59:19.177538" elapsed="0.126011"/>
</kw>
<kw name="Click search product" owner="home_page">
<kw name="Click when ready" owner="common">
<kw name="Wait Until Element Is Visible" owner="SeleniumLibrary">
<arg>${locator}</arg>
<arg>${setup.wait_time}</arg>
<doc>Waits until the element ``locator`` is visible.</doc>
<status status="PASS" start="2024-10-04T21:59:19.305550" elapsed="0.022000"/>
</kw>
<kw name="Click Element" owner="SeleniumLibrary">
<msg time="2024-10-04T21:59:19.328550" level="INFO">Clicking element 'xpath=//button[contains(@class, 'ant-input-search-button')]'.</msg>
<arg>${locator}</arg>
<doc>Click the element identified by ``locator``.</doc>
<status status="PASS" start="2024-10-04T21:59:19.328550" elapsed="0.066006"/>
</kw>
<arg>${home_locator.search_btn}</arg>
<status status="PASS" start="2024-10-04T21:59:19.304548" elapsed="0.090008"/>
</kw>
<status status="PASS" start="2024-10-04T21:59:19.304548" elapsed="0.090008"/>
</kw>
<arg>${user01.product}</arg>
<status status="PASS" start="2024-10-04T21:59:19.175541" elapsed="0.219015"/>
</kw>
<kw name="Add product to cart" owner="home_feature">
<kw name="Click add product to cart" owner="home_page">
<kw name="Replace String" owner="String">
<msg time="2024-10-04T21:59:19.397557" level="INFO">${new_locator} = xpath=//div[@class='ant-card-meta-title' and text()='Coppee phone 1']</msg>
<var>${new_locator}</var>
<arg>${home_locator.search_txt_product_name}</arg>
<arg>{{product}}</arg>
<arg>${product.product_name}</arg>
<doc>Replaces ``search_for`` in the given ``string`` with ``replace_with``.</doc>
<status status="PASS" start="2024-10-04T21:59:19.396555" elapsed="0.001002"/>
</kw>
<kw name="Click when ready" owner="common">
<kw name="Wait Until Element Is Visible" owner="SeleniumLibrary">
<arg>${locator}</arg>
<arg>${setup.wait_time}</arg>
<doc>Waits until the element ``locator`` is visible.</doc>
<status status="PASS" start="2024-10-04T21:59:19.398555" elapsed="0.294466"/>
</kw>
<kw name="Click Element" owner="SeleniumLibrary">
<msg time="2024-10-04T21:59:19.693021" level="INFO">Clicking element 'xpath=//div[@class='ant-card-meta-title' and text()='Coppee phone 1']'.</msg>
<arg>${locator}</arg>
<doc>Click the element identified by ``locator``.</doc>
<status status="PASS" start="2024-10-04T21:59:19.693021" elapsed="0.137622"/>
</kw>
<arg>${new_locator}</arg>
<status status="PASS" start="2024-10-04T21:59:19.397557" elapsed="0.433086"/>
</kw>
<arg>${product.product_name}</arg>
<status status="PASS" start="2024-10-04T21:59:19.396555" elapsed="0.434088"/>
</kw>
<kw name="Click add to cart button" owner="home_page">
<kw name="Click when ready" owner="common">
<kw name="Wait Until Element Is Visible" owner="SeleniumLibrary">
<arg>${locator}</arg>
<arg>${setup.wait_time}</arg>
<doc>Waits until the element ``locator`` is visible.</doc>
<status status="PASS" start="2024-10-04T21:59:19.832644" elapsed="0.240335"/>
</kw>
<kw name="Click Element" owner="SeleniumLibrary">
<msg time="2024-10-04T21:59:20.072979" level="INFO">Clicking element 'xpath=//button[contains(@class, 'cart-button') and span[text()='Add to cart']]'.</msg>
<arg>${locator}</arg>
<doc>Click the element identified by ``locator``.</doc>
<status status="PASS" start="2024-10-04T21:59:20.072979" elapsed="0.061004"/>
</kw>
<arg>${home_locator.add_to_cart_btn}</arg>
<status status="PASS" start="2024-10-04T21:59:19.832644" elapsed="0.302339"/>
</kw>
<status status="PASS" start="2024-10-04T21:59:19.831646" elapsed="0.303337"/>
</kw>
<kw name="Click popup when ready" owner="common">
<kw name="Wait Until Element Is Visible" owner="SeleniumLibrary">
<arg>${common_locator.ok_btn}</arg>
<arg>${setup.popup_wait_time}</arg>
<doc>Waits until the element ``locator`` is visible.</doc>
<status status="PASS" start="2024-10-04T21:59:20.134983" elapsed="0.022002"/>
</kw>
<kw name="Click when ready" owner="common">
<kw name="Wait Until Element Is Visible" owner="SeleniumLibrary">
<arg>${locator}</arg>
<arg>${setup.wait_time}</arg>
<doc>Waits until the element ``locator`` is visible.</doc>
<status status="PASS" start="2024-10-04T21:59:20.157983" elapsed="0.020002"/>
</kw>
<kw name="Click Element" owner="SeleniumLibrary">
<msg time="2024-10-04T21:59:20.177985" level="INFO">Clicking element 'xpath=//button[span[text()='OK']]'.</msg>
<arg>${locator}</arg>
<doc>Click the element identified by ``locator``.</doc>
<status status="PASS" start="2024-10-04T21:59:20.177985" elapsed="0.057007"/>
</kw>
<arg>${common_locator.ok_btn}</arg>
<status status="PASS" start="2024-10-04T21:59:20.156985" elapsed="0.078007"/>
</kw>
<status status="PASS" start="2024-10-04T21:59:20.134983" elapsed="0.100009"/>
</kw>
<arg>${product.product_name}</arg>
<status status="PASS" start="2024-10-04T21:59:19.394556" elapsed="0.840436"/>
</kw>
<kw name="Open cart" owner="common">
<kw name="Click when ready" owner="common">
<kw name="Wait Until Element Is Visible" owner="SeleniumLibrary">
<arg>${locator}</arg>
<arg>${setup.wait_time}</arg>
<doc>Waits until the element ``locator`` is visible.</doc>
<status status="PASS" start="2024-10-04T21:59:20.236991" elapsed="0.030004"/>
</kw>
<kw name="Click Element" owner="SeleniumLibrary">
<msg time="2024-10-04T21:59:20.267994" level="INFO">Clicking element 'xpath=//span[@role='img' and @aria-label='shopping-cart']'.</msg>
<arg>${locator}</arg>
<doc>Click the element identified by ``locator``.</doc>
<status status="PASS" start="2024-10-04T21:59:20.267994" elapsed="0.249024"/>
</kw>
<arg>${common_locator.shopping_cart_icon}</arg>
<status status="PASS" start="2024-10-04T21:59:20.235993" elapsed="0.281025"/>
</kw>
<status status="PASS" start="2024-10-04T21:59:20.235993" elapsed="0.281025"/>
</kw>
<kw name="Fill in delivery info and start payment process" owner="cart_feature">
<kw name="Input name in delivery info" owner="cart_page">
<kw name="Input when ready" owner="common">
<kw name="Wait Until Element Is Visible" owner="SeleniumLibrary">
<arg>${locator}</arg>
<arg>${setup.wait_time}</arg>
<doc>Waits until the element ``locator`` is visible.</doc>
<status status="PASS" start="2024-10-04T21:59:20.523013" elapsed="0.029005"/>
</kw>
<kw name="Input Text" owner="SeleniumLibrary">
<msg time="2024-10-04T21:59:20.553015" level="INFO">Typing text 'Pakorn' into text field 'xpath=//input[@id='form_item_name']'.</msg>
<arg>${locator}</arg>
<arg>${fillindata}</arg>
<doc>Types the given ``text`` into the text field identified by ``locator``.</doc>
<status status="PASS" start="2024-10-04T21:59:20.552018" elapsed="0.108007"/>
</kw>
<arg>${cart_locator.input_txt_name}</arg>
<arg>${name}</arg>
<status status="PASS" start="2024-10-04T21:59:20.522015" elapsed="0.138010"/>
</kw>
<arg>${name}</arg>
<status status="PASS" start="2024-10-04T21:59:20.522015" elapsed="0.139010"/>
</kw>
<kw name="Input surname in delivery info" owner="cart_page">
<kw name="Input when ready" owner="common">
<kw name="Wait Until Element Is Visible" owner="SeleniumLibrary">
<arg>${locator}</arg>
<arg>${setup.wait_time}</arg>
<doc>Waits until the element ``locator`` is visible.</doc>
<status status="PASS" start="2024-10-04T21:59:20.662025" elapsed="0.028000"/>
</kw>
<kw name="Input Text" owner="SeleniumLibrary">
<msg time="2024-10-04T21:59:20.691027" level="INFO">Typing text 'Chabang' into text field 'xpath=//input[@id='form_item_surName']'.</msg>
<arg>${locator}</arg>
<arg>${fillindata}</arg>
<doc>Types the given ``text`` into the text field identified by ``locator``.</doc>
<status status="PASS" start="2024-10-04T21:59:20.690025" elapsed="0.126012"/>
</kw>
<arg>${cart_locator.input_txt_surName}</arg>
<arg>${surname}</arg>
<status status="PASS" start="2024-10-04T21:59:20.661025" elapsed="0.155012"/>
</kw>
<arg>${surname}</arg>
<status status="PASS" start="2024-10-04T21:59:20.661025" elapsed="0.155012"/>
</kw>
<kw name="Input address in delivery info" owner="cart_page">
<kw name="Input when ready" owner="common">
<kw name="Wait Until Element Is Visible" owner="SeleniumLibrary">
<arg>${locator}</arg>
<arg>${setup.wait_time}</arg>
<doc>Waits until the element ``locator`` is visible.</doc>
<status status="PASS" start="2024-10-04T21:59:20.818036" elapsed="0.027002"/>
</kw>
<kw name="Input Text" owner="SeleniumLibrary">
<msg time="2024-10-04T21:59:20.846037" level="INFO">Typing text '10240' into text field 'xpath=//input[@id='form_item_address']'.</msg>
<arg>${locator}</arg>
<arg>${fillindata}</arg>
<doc>Types the given ``text`` into the text field identified by ``locator``.</doc>
<status status="PASS" start="2024-10-04T21:59:20.845038" elapsed="0.102008"/>
</kw>
<arg>${cart_locator.input_txt_address}</arg>
<arg>${address}</arg>
<status status="PASS" start="2024-10-04T21:59:20.817039" elapsed="0.131006"/>
</kw>
<arg>${address}</arg>
<status status="PASS" start="2024-10-04T21:59:20.817039" elapsed="0.131006"/>
</kw>
<kw name="Input phone in delivery info" owner="cart_page">
<kw name="Input when ready" owner="common">
<kw name="Wait Until Element Is Visible" owner="SeleniumLibrary">
<arg>${locator}</arg>
<arg>${setup.wait_time}</arg>
<doc>Waits until the element ``locator`` is visible.</doc>
<status status="PASS" start="2024-10-04T21:59:20.949044" elapsed="0.026004"/>
</kw>
<kw name="Input Text" owner="SeleniumLibrary">
<msg time="2024-10-04T21:59:20.975048" level="INFO">Typing text '0962019484' into text field 'xpath=//input[@id='form_item_phone']'.</msg>
<arg>${locator}</arg>
<arg>${fillindata}</arg>
<doc>Types the given ``text`` into the text field identified by ``locator``.</doc>
<status status="PASS" start="2024-10-04T21:59:20.975048" elapsed="0.127011"/>
</kw>
<arg>${cart_locator.input_txt_phone}</arg>
<arg>${phone}</arg>
<status status="PASS" start="2024-10-04T21:59:20.948045" elapsed="0.154014"/>
</kw>
<arg>${phone}</arg>
<status status="PASS" start="2024-10-04T21:59:20.948045" elapsed="0.154014"/>
</kw>
<kw name="Input email in delivery info" owner="cart_page">
<kw name="Input when ready" owner="common">
<kw name="Wait Until Element Is Visible" owner="SeleniumLibrary">
<arg>${locator}</arg>
<arg>${setup.wait_time}</arg>
<doc>Waits until the element ``locator`` is visible.</doc>
<status status="PASS" start="2024-10-04T21:59:21.103058" elapsed="0.029002"/>
</kw>
<kw name="Input Text" owner="SeleniumLibrary">
<msg time="2024-10-04T21:59:21.133060" level="INFO">Typing text 'pakorn81@gmail.com' into text field 'xpath=//input[@id='form_item_email']'.</msg>
<arg>${locator}</arg>
<arg>${fillindata}</arg>
<doc>Types the given ``text`` into the text field identified by ``locator``.</doc>
<status status="PASS" start="2024-10-04T21:59:21.133060" elapsed="0.168016"/>
</kw>
<arg>${cart_locator.input_txt_email}</arg>
<arg>${email}</arg>
<status status="PASS" start="2024-10-04T21:59:21.103058" elapsed="0.198018"/>
</kw>
<arg>${email}</arg>
<status status="PASS" start="2024-10-04T21:59:21.102059" elapsed="0.199017"/>
</kw>
<kw name="Click pay button" owner="cart_page">
<kw name="Click when ready" owner="common">
<kw name="Wait Until Element Is Visible" owner="SeleniumLibrary">
<arg>${locator}</arg>
<arg>${setup.wait_time}</arg>
<doc>Waits until the element ``locator`` is visible.</doc>
<status status="PASS" start="2024-10-04T21:59:21.302074" elapsed="0.032000"/>
</kw>
<kw name="Click Element" owner="SeleniumLibrary">
<msg time="2024-10-04T21:59:21.334074" level="INFO">Clicking element 'xpath=//button[span[text()='PAY']]'.</msg>
<arg>${locator}</arg>
<doc>Click the element identified by ``locator``.</doc>
<status status="PASS" start="2024-10-04T21:59:21.334074" elapsed="0.095008"/>
</kw>
<arg>${cart_locator.pay_btn}</arg>
<status status="PASS" start="2024-10-04T21:59:21.302074" elapsed="0.127008"/>
</kw>
<status status="PASS" start="2024-10-04T21:59:21.302074" elapsed="0.128008"/>
</kw>
<arg>${user01.name}</arg>
<arg>${user01.surname}</arg>
<arg>${user01.address}</arg>
<arg>${user01.phone}</arg>
<arg>${user01.email}</arg>
<status status="PASS" start="2024-10-04T21:59:20.518020" elapsed="0.912062"/>
</kw>
<kw name="Select payment method" owner="payment_page">
<kw name="Click when ready" owner="common">
<kw name="Wait Until Element Is Visible" owner="SeleniumLibrary">
<arg>${locator}</arg>
<arg>${setup.wait_time}</arg>
<doc>Waits until the element ``locator`` is visible.</doc>
<status status="PASS" start="2024-10-04T21:59:21.431081" elapsed="0.027002"/>
</kw>
<kw name="Click Element" owner="SeleniumLibrary">
<msg time="2024-10-04T21:59:21.458083" level="INFO">Clicking element 'xpath=//button[span[text()='Next']]'.</msg>
<arg>${locator}</arg>
<doc>Click the element identified by ``locator``.</doc>
<status status="PASS" start="2024-10-04T21:59:21.458083" elapsed="0.094009"/>
</kw>
<arg>${payment_locator.next_btn}</arg>
<status status="PASS" start="2024-10-04T21:59:21.431081" elapsed="0.122012"/>
</kw>
<status status="PASS" start="2024-10-04T21:59:21.430082" elapsed="0.123011"/>
</kw>
<kw name="Fill in credit card details and confirm payment" owner="payment_feature">
<kw name="Fill card number in credit card details" owner="payment_page">
<kw name="Input when ready" owner="common">
<kw name="Wait Until Element Is Visible" owner="SeleniumLibrary">
<arg>${locator}</arg>
<arg>${setup.wait_time}</arg>
<doc>Waits until the element ``locator`` is visible.</doc>
<status status="PASS" start="2024-10-04T21:59:21.558089" elapsed="0.027003"/>
</kw>
<kw name="Input Text" owner="SeleniumLibrary">
<msg time="2024-10-04T21:59:21.585092" level="INFO">Typing text '4111111111111111' into text field 'xpath=//input[@id='basic_bin']'.</msg>
<arg>${locator}</arg>
<arg>${fillindata}</arg>
<doc>Types the given ``text`` into the text field identified by ``locator``.</doc>
<status status="PASS" start="2024-10-04T21:59:21.585092" elapsed="0.142011"/>
</kw>
<arg>${payment_locator.card_number_container}</arg>
<arg>${creditcard}</arg>
<status status="PASS" start="2024-10-04T21:59:21.557090" elapsed="0.170013"/>
</kw>
<arg>${creditcard}</arg>
<status status="PASS" start="2024-10-04T21:59:21.556090" elapsed="0.171013"/>
</kw>
<kw name="Fill expire date in credit card details" owner="payment_page">
<kw name="Input when ready" owner="common">
<kw name="Wait Until Element Is Visible" owner="SeleniumLibrary">
<arg>${locator}</arg>
<arg>${setup.wait_time}</arg>
<doc>Waits until the element ``locator`` is visible.</doc>
<status status="PASS" start="2024-10-04T21:59:21.728103" elapsed="0.029003"/>
</kw>
<kw name="Input Text" owner="SeleniumLibrary">
<msg time="2024-10-04T21:59:21.758107" level="INFO">Typing text '11/2025' into text field 'xpath=//input[@id='basic_exp']'.</msg>
<arg>${locator}</arg>
<arg>${fillindata}</arg>
<doc>Types the given ``text`` into the text field identified by ``locator``.</doc>
<status status="PASS" start="2024-10-04T21:59:21.757106" elapsed="0.128012"/>
</kw>
<arg>${payment_locator.exp_container}</arg>
<arg>${exp}</arg>
<status status="PASS" start="2024-10-04T21:59:21.728103" elapsed="0.157015"/>
</kw>
<arg>${exp}</arg>
<status status="PASS" start="2024-10-04T21:59:21.728103" elapsed="0.158015"/>
</kw>
<kw name="Fill cvc in credit card details" owner="payment_page">
<kw name="Input when ready" owner="common">
<kw name="Wait Until Element Is Visible" owner="SeleniumLibrary">
<arg>${locator}</arg>
<arg>${setup.wait_time}</arg>
<doc>Waits until the element ``locator`` is visible.</doc>
<status status="PASS" start="2024-10-04T21:59:21.887116" elapsed="0.028002"/>
</kw>
<kw name="Input Text" owner="SeleniumLibrary">
<msg time="2024-10-04T21:59:21.915118" level="INFO">Typing text '123' into text field 'xpath=//input[@id='basic_cvc']'.</msg>
<arg>${locator}</arg>
<arg>${fillindata}</arg>
<doc>Types the given ``text`` into the text field identified by ``locator``.</doc>
<status status="PASS" start="2024-10-04T21:59:21.915118" elapsed="0.109010"/>
</kw>
<arg>${payment_locator.cvc_container}</arg>
<arg>${cvc}</arg>
<status status="PASS" start="2024-10-04T21:59:21.886118" elapsed="0.138010"/>
</kw>
<arg>${cvc}</arg>
<status status="PASS" start="2024-10-04T21:59:21.886118" elapsed="0.138010"/>
</kw>
<kw name="Fill card holder name in credit card details" owner="payment_page">
<kw name="Input when ready" owner="common">
<kw name="Wait Until Element Is Visible" owner="SeleniumLibrary">
<arg>${locator}</arg>
<arg>${setup.wait_time}</arg>
<doc>Waits until the element ``locator`` is visible.</doc>
<status status="PASS" start="2024-10-04T21:59:22.026130" elapsed="0.029998"/>
</kw>
<kw name="Input Text" owner="SeleniumLibrary">
<msg time="2024-10-04T21:59:22.057129" level="INFO">Typing text 'Pakorn' into text field 'xpath=//input[@id='basic_owner']'.</msg>
<arg>${locator}</arg>
<arg>${fillindata}</arg>
<doc>Types the given ``text`` into the text field identified by ``locator``.</doc>
<status status="PASS" start="2024-10-04T21:59:22.056128" elapsed="0.128010"/>
</kw>
<arg>${payment_locator.holder_name_container}</arg>
<arg>${name}</arg>
<status status="PASS" start="2024-10-04T21:59:22.025127" elapsed="0.159011"/>
</kw>
<arg>${name}</arg>
<status status="PASS" start="2024-10-04T21:59:22.025127" elapsed="0.159011"/>
</kw>
<kw name="Click confirm payment" owner="payment_page">
<kw name="Click when ready" owner="common">
<kw name="Wait Until Element Is Visible" owner="SeleniumLibrary">
<arg>${locator}</arg>
<arg>${setup.wait_time}</arg>
<doc>Waits until the element ``locator`` is visible.</doc>
<status status="PASS" start="2024-10-04T21:59:22.185137" elapsed="0.029004"/>
</kw>
<kw name="Click Element" owner="SeleniumLibrary">
<msg time="2024-10-04T21:59:22.215139" level="INFO">Clicking element 'xpath=//button[span[text()='Confirm Payment']]'.</msg>
<arg>${locator}</arg>
<doc>Click the element identified by ``locator``.</doc>
<status status="PASS" start="2024-10-04T21:59:22.215139" elapsed="0.078008"/>
</kw>
<arg>${payment_locator.confirm_payment_btn}</arg>
<status status="PASS" start="2024-10-04T21:59:22.185137" elapsed="0.109009"/>
</kw>
<status status="PASS" start="2024-10-04T21:59:22.184138" elapsed="0.110008"/>
</kw>
<kw name="Click popup when ready" owner="common">
<kw name="Wait Until Element Is Visible" owner="SeleniumLibrary">
<arg>${common_locator.ok_btn}</arg>
<arg>${setup.popup_wait_time}</arg>
<doc>Waits until the element ``locator`` is visible.</doc>
<status status="PASS" start="2024-10-04T21:59:22.295145" elapsed="0.443715"/>
</kw>
<kw name="Click when ready" owner="common">
<kw name="Wait Until Element Is Visible" owner="SeleniumLibrary">
<arg>${locator}</arg>
<arg>${setup.wait_time}</arg>
<doc>Waits until the element ``locator`` is visible.</doc>
<status status="PASS" start="2024-10-04T21:59:22.739855" elapsed="0.019000"/>
</kw>
<kw name="Click Element" owner="SeleniumLibrary">
<msg time="2024-10-04T21:59:22.758855" level="INFO">Clicking element 'xpath=//button[span[text()='OK']]'.</msg>
<arg>${locator}</arg>
<doc>Click the element identified by ``locator``.</doc>
<status status="PASS" start="2024-10-04T21:59:22.758855" elapsed="0.065009"/>
</kw>
<arg>${common_locator.ok_btn}</arg>
<status status="PASS" start="2024-10-04T21:59:22.738860" elapsed="0.085004"/>
</kw>
<status status="PASS" start="2024-10-04T21:59:22.294146" elapsed="0.529718"/>
</kw>
<arg>${user01.creditcard}</arg>
<arg>${user01.exp}</arg>
<arg>${user01.cvc}</arg>
<arg>${user01.name}</arg>
<status status="PASS" start="2024-10-04T21:59:21.554092" elapsed="1.269772"/>
</kw>
<kw name="Logout" owner="user_profile_feature">
<kw name="Click user icon" owner="common">
<kw name="Click when ready" owner="common">
<kw name="Wait Until Element Is Visible" owner="SeleniumLibrary">
<arg>${locator}</arg>
<arg>${setup.wait_time}</arg>
<doc>Waits until the element ``locator`` is visible.</doc>
<status status="PASS" start="2024-10-04T21:59:22.825862" elapsed="0.031005"/>
</kw>
<kw name="Click Element" owner="SeleniumLibrary">
<msg time="2024-10-04T21:59:22.857869" level="INFO">Clicking element 'xpath=//span[@class='anticon anticon-user icon-size']'.</msg>
<arg>${locator}</arg>
<doc>Click the element identified by ``locator``.</doc>
<status status="PASS" start="2024-10-04T21:59:22.857869" elapsed="0.186386"/>
</kw>
<arg>${common_locator.user_icon}</arg>
<status status="PASS" start="2024-10-04T21:59:22.824863" elapsed="0.219392"/>
</kw>
<status status="PASS" start="2024-10-04T21:59:22.824863" elapsed="0.219392"/>
</kw>
<kw name="Click logout" owner="user_profile_page">
<kw name="Click when ready" owner="common">
<kw name="Wait Until Element Is Visible" owner="SeleniumLibrary">
<arg>${locator}</arg>
<arg>${setup.wait_time}</arg>
<doc>Waits until the element ``locator`` is visible.</doc>
<status status="PASS" start="2024-10-04T21:59:23.046256" elapsed="0.021999"/>
</kw>
<kw name="Click Element" owner="SeleniumLibrary">
<msg time="2024-10-04T21:59:23.069255" level="INFO">Clicking element 'xpath=//button[span[text()='Logout']]'.</msg>
<arg>${locator}</arg>
<doc>Click the element identified by ``locator``.</doc>
<status status="PASS" start="2024-10-04T21:59:23.068255" elapsed="0.283110"/>
</kw>
<arg>${user_profile_locator.logout_btn}</arg>
<status status="PASS" start="2024-10-04T21:59:23.045258" elapsed="0.306107"/>
</kw>
<status status="PASS" start="2024-10-04T21:59:23.045258" elapsed="0.306107"/>
</kw>
<status status="PASS" start="2024-10-04T21:59:22.824863" elapsed="0.526502"/>
</kw>
<kw name="Close Browser" owner="SeleniumLibrary" type="TEARDOWN">
<doc>Closes the current browser.</doc>
<status status="PASS" start="2024-10-04T21:59:23.352367" elapsed="2.297507"/>
</kw>
<tag>login</tag>
<status status="PASS" start="2024-10-04T21:59:15.557213" elapsed="10.092661"/>
</test>
<status status="PASS" start="2024-10-04T21:59:08.277295" elapsed="17.374581"/>
</suite>
<statistics>
<total>
<stat pass="2" fail="0" skip="0">All Tests</stat>
</total>
<tag>
<stat pass="1" fail="0" skip="0">login</stat>
<stat pass="1" fail="0" skip="0">register</stat>
</tag>
<suite>
<stat pass="2" fail="0" skip="0" id="s1" name="Tc01">Tc01</stat>
</suite>
</statistics>
<errors>
<msg time="2024-10-04T21:59:09.175376" level="WARN">The chromedriver version (128.0.6613.84) detected in PATH at c:\chromedriver\chromedriver.exe might not be compatible with the detected chrome version (129.0.6668.90); currently, chromedriver 129.0.6668.89 is recommended for chrome 129.*, so it is advised to delete the driver in PATH and retry</msg>
<msg time="2024-10-04T21:59:16.135257" level="WARN">The chromedriver version (128.0.6613.84) detected in PATH at c:\chromedriver\chromedriver.exe might not be compatible with the detected chrome version (129.0.6668.90); currently, chromedriver 129.0.6668.89 is recommended for chrome 129.*, so it is advised to delete the driver in PATH and retry</msg>
</errors>
</robot>
